(node:38804) ExperimentalWarning: `--experimental-loader` may be removed in the future; instead use `register()`:
--import 'data:text/javascript,import { register } from "node:module"; import { pathToFileURL } from "node:url"; register("ts-node/esm", pathToFileURL("./"));'
(Use `node --trace-warnings ...` to show where the warning was created)
node:internal/modules/esm/loader:374
      throw new ERR_REQUIRE_CYCLE_MODULE(message);
            ^

Error [ERR_REQUIRE_CYCLE_MODULE]: Cannot require() ES Module /Users/simon/Desktop/hireinbox/scripts/training-data/generate-jobs.ts in a cycle. A cycle involving require(esm) is not allowed to maintain invariants mandated by the ECMAScript specification. Try making at least part of the dependency in the graph lazily loaded.
    at ModuleLoader.importSyncForRequire (node:internal/modules/esm/loader:374:13)
    at loadESMFromCJS (node:internal/modules/cjs/loader:1578:24)
    at Module._compile (node:internal/modules/cjs/loader:1743:5)
    at Object..js (node:internal/modules/cjs/loader:1893:10)
    at Module.load (node:internal/modules/cjs/loader:1481:32)
    at Module._load (node:internal/modules/cjs/loader:1300:12)
    at TracingChannel.traceSync (node:diagnostics_channel:328:14)
    at wrapModuleLoad (node:internal/modules/cjs/loader:245:24)
    at loadCJSModuleWithModuleLoad (node:internal/modules/esm/translators:339:3)
    at ModuleWrap.<anonymous> (node:internal/modules/esm/translators:242:7) {
  code: 'ERR_REQUIRE_CYCLE_MODULE'
}

Node.js v24.12.0
