
╔══════════════════════════════════════════════════════════╗
║   HIREINBOX - AI TRAINING DATA GENERATOR                 ║
║   Generating: 300 jobs, 1000 CVs, 1000 screenings        ║
║   Estimated time: 2-3 hours                              ║
║   Estimated cost: ~$50-70                                ║
╚══════════════════════════════════════════════════════════╝


========================================
Generating 300 Job Posts...
========================================

[1/300] Junior Financial Analyst (Junior) - Johannesburg
[2/300] Junior Software Developer (Junior) - Johannesburg
[3/300] Junior Retail Assistant (Junior) - Johannesburg
[4/300] Junior Geologist (Junior) - Johannesburg
[5/300] Junior Pharmacist (Junior) - Johannesburg
[6/300] Junior Production Coordinator (Junior) - Johannesburg
[7/300] Junior Network Engineer (Junior) - Johannesburg
[8/300] Junior Business Analyst (Junior) - Johannesburg
[9/300] Insurance Claims Consultant (Junior) - Johannesburg
[10/300] Logistics Coordinator (Junior) - Johannesburg
[11/300] Financial Analyst (Mid-Level) - Johannesburg
[12/300] Software Developer (Mid-Level) - Johannesburg
[13/300] Retail Operations Manager (Mid-Level) - Johannesburg
[14/300] Geologist (Mid-Level) - Johannesburg
[15/300] Clinical Research Associate (Mid-Level) - Johannesburg
[16/300] Production Supervisor (Mid-Level) - Johannesburg
[17/300] Network Engineer (Mid-Level) - Johannesburg
[18/300] Senior Financial Analyst (Mid-Level) - Johannesburg
[19/300] Insurance Underwriter (Mid-Level) - Johannesburg
[20/300] Logistics Coordinator (Mid-Level) - Johannesburg
[21/300] Senior Financial Analyst (Senior) - Johannesburg
[22/300] Senior Software Engineer (Senior) - Johannesburg
[23/300] Senior Retail Operations Manager (Senior) - Johannesburg
[24/300] Senior Geologist (Senior) - Johannesburg
[25/300] Senior Clinical Research Associate (Senior) - Johannesburg
[26/300] Senior Production Manager (Senior) - Johannesburg
Rate limiting (3s)...
[27/300] Senior Network Engineer (Senior) - Johannesburg
[28/300] Senior Management Consultant (Senior) - Johannesburg
[29/300] Senior Underwriter (Senior) - Johannesburg
[30/300] Senior Logistics Manager (Senior) - Johannesburg
[31/300] Chief Financial Officer (Executive) - Johannesburg
[32/300] Chief Technology Officer (Executive) - Johannesburg
[33/300] Head of Retail Operations (Executive) - Johannesburg
[34/300] Chief Operations Officer (Executive) - Johannesburg
[35/300] Chief Operations Officer (Executive) - Johannesburg
[36/300] Chief Operations Officer (Executive) - Johannesburg
[37/300] Chief Technology Officer (Executive) - Johannesburg
[38/300] Chief Operations Officer (Executive) - Johannesburg
[39/300] Chief Risk Officer (Executive) - Johannesburg
[40/300] Chief Operations Officer (Executive) - Johannesburg
[41/300] Junior Financial Analyst (Junior) - Cape Town
[42/300] Junior Software Developer (Junior) - Cape Town
[43/300] Sales Associate (Junior) - Cape Town
[44/300] Junior Geologist (Junior) - Cape Town
[45/300] Junior Pharmacy Assistant (Junior) - Cape Town
[46/300] Junior Production Technician (Junior) - Cape Town
[47/300] Junior Telecommunications Engineer (Junior) - Cape Town
[48/300] Junior Financial Analyst (Junior) - Cape Town
[49/300] Junior Insurance Underwriter (Junior) - Cape Town
[50/300] Logistics Coordinator (Junior) - Cape Town
[51/300] Credit Risk Analyst (Mid-Level) - Cape Town
Rate limiting (3s)...
[52/300] Software Engineer (Mid-Level) - Cape Town
[53/300] Retail Operations Manager (Mid-Level) - Cape Town
[54/300] Mining Operations Engineer (Mid-Level) - Cape Town
[55/300] Clinical Research Associate (Mid-Level) - Cape Town
[56/300] Production Supervisor (Mid-Level) - Cape Town
[57/300] Network Operations Engineer (Mid-Level) - Cape Town
[58/300] Senior Business Consultant (Mid-Level) - Cape Town
[59/300] Insurance Underwriter (Mid-Level) - Cape Town
[60/300] Logistics Coordinator (Mid-Level) - Cape Town
[61/300] Senior Risk Analyst (Senior) - Cape Town
[62/300] Senior Software Engineer (Senior) - Cape Town
[63/300] Senior Retail Manager (Senior) - Cape Town
[64/300] Senior Geologist (Senior) - Cape Town
[65/300] Senior Clinical Research Associate (Senior) - Cape Town
[66/300] Senior Manufacturing Engineer (Senior) - Cape Town
[67/300] Senior Network Engineer (Senior) - Cape Town
[68/300] Senior Management Consultant (Senior) - Cape Town
[69/300] Senior Underwriter (Senior) - Cape Town
[70/300] Senior Supply Chain Manager (Senior) - Cape Town
[71/300] Chief Financial Officer (Executive) - Cape Town
[72/300] Chief Technology Officer (CTO) (Executive) - Cape Town
[73/300] Head of Retail Operations (Executive) - Cape Town
[74/300] Chief Operations Officer (Executive) - Cape Town
[75/300] Chief Medical Officer (Executive) - Cape Town
[76/300] Chief Operations Officer (Executive) - Cape Town
Rate limiting (3s)...
[77/300] Chief Technology Officer (Executive) - Cape Town
[78/300] Chief Executive Officer (Executive) - Cape Town
[79/300] Chief Risk Officer (Executive) - Cape Town
[80/300] Chief Operations Officer (Executive) - Cape Town
[81/300] Junior Financial Analyst (Junior) - Durban
[82/300] Junior Software Developer (Junior) - Durban
[83/300] Junior Retail Sales Associate (Junior) - Durban
[84/300] Junior Geologist (Junior) - Durban
[85/300] Junior Pharmacist (Junior) - Durban
[86/300] Junior Production Technician (Junior) - Durban
[87/300] Junior Network Engineer (Junior) - Durban
[88/300] Junior Business Analyst (Junior) - Durban
[89/300] Insurance Underwriter (Junior) - Durban
[90/300] Logistics Coordinator (Junior) - Durban
[91/300] Financial Analyst (Mid-Level) - Durban
[92/300] Software Developer (Mid-Level) - Durban
[93/300] Retail Operations Manager (Mid-Level) - Durban
[94/300] Geological Engineer (Mid-Level) - Durban
[95/300] Clinical Research Associate (Mid-Level) - Durban
[96/300] Production Engineer (Mid-Level) - Durban
[97/300] Network Engineer (Mid-Level) - Durban
[98/300] Project Manager (Mid-Level) - Durban
[99/300] Insurance Underwriter (Mid-Level) - Durban
[100/300] Logistics Coordinator (Mid-Level) - Durban
[101/300] Senior Financial Analyst (Senior) - Durban
Rate limiting (3s)...
[102/300] Senior Software Engineer (Senior) - Durban
[103/300] Senior Retail Manager (Senior) - Durban
[104/300] Senior Mining Engineer (Senior) - Durban
[105/300] Senior Clinical Research Associate (Senior) - Durban
[106/300] Senior Production Manager (Senior) - Durban
[107/300] Senior Network Engineer (Senior) - Durban
[108/300] Senior Business Consultant (Senior) - Durban
[109/300] Senior Insurance Underwriter (Senior) - Durban
[110/300] Senior Logistics Manager (Senior) - Durban
[111/300] Chief Financial Officer (Executive) - Durban
[112/300] Chief Technology Officer (Executive) - Durban
[113/300] Chief Retail Officer (Executive) - Durban
[114/300] Chief Operations Officer (Executive) - Durban
[115/300] Chief Medical Officer (Executive) - Durban
[116/300] Operations Director (Executive) - Durban
[117/300] Chief Technology Officer (Executive) - Durban
[118/300] Chief Operations Officer (Executive) - Durban
[119/300] Chief Executive Officer (Executive) - Durban
[120/300] Chief Operations Officer (Executive) - Durban
[121/300] Junior Financial Analyst (Junior) - Pretoria
[122/300] Junior Software Developer (Junior) - Pretoria
[123/300] Sales Associate (Junior) - Pretoria
[124/300] Junior Geologist (Junior) - Pretoria
[125/300] Junior Pharmacy Assistant (Junior) - Pretoria
[126/300] Production Assistant (Junior) - Pretoria
Rate limiting (3s)...
[127/300] Junior Network Technician (Junior) - Pretoria
[128/300] Junior Consultant (Junior) - Pretoria
[129/300] Junior Insurance Underwriter (Junior) - Pretoria
[130/300] Logistics Coordinator (Junior) - Pretoria
[131/300] Financial Analyst (Mid-Level) - Pretoria
[132/300] Software Developer (Mid-Level) - Pretoria
[133/300] Retail Operations Manager (Mid-Level) - Pretoria
[134/300] Mining Operations Engineer (Mid-Level) - Pretoria
[135/300] Clinical Research Associate (Mid-Level) - Pretoria
[136/300] Production Supervisor (Mid-Level) - Pretoria
[137/300] Network Optimization Engineer (Mid-Level) - Pretoria
[138/300] Senior Business Analyst (Mid-Level) - Pretoria
[139/300] Insurance Underwriter (Mid-Level) - Pretoria
[140/300] Logistics Coordinator (Mid-Level) - Pretoria
[141/300] Senior Financial Analyst (Senior) - Pretoria
[142/300] Senior Software Engineer (Senior) - Pretoria
[143/300] Senior Retail Manager (Senior) - Pretoria
[144/300] Senior Geologist (Senior) - Pretoria
[145/300] Senior Clinical Research Associate (Senior) - Pretoria
[146/300] Senior Production Manager (Senior) - Pretoria
[147/300] Senior Network Engineer (Senior) - Pretoria
[148/300] Senior Project Manager (Senior) - Pretoria
[149/300] Senior Insurance Underwriter (Senior) - Pretoria
[150/300] Senior Logistics Manager (Senior) - Pretoria
[151/300] Chief Financial Officer (Executive) - Pretoria
Rate limiting (3s)...
[152/300] Chief Technology Officer (Executive) - Pretoria
[153/300] Chief Operations Officer (Executive) - Pretoria
[154/300] Chief Operations Officer (Executive) - Pretoria
[155/300] Chief Executive Officer (Executive) - Pretoria
[156/300] Chief Operations Officer (Executive) - Pretoria
[157/300] Chief Technology Officer (Executive) - Pretoria
[158/300] Chief Financial Officer (Executive) - Pretoria
[159/300] Chief Risk Officer (Executive) - Pretoria
[160/300] Chief Operations Officer (Executive) - Pretoria
[161/300] Junior Financial Analyst (Junior) - Remote SA
[162/300] Junior Software Developer (Junior) - Remote SA
[163/300] Retail Sales Associate (Junior) - Remote SA
[164/300] Junior Geologist (Junior) - Remote SA
[165/300] Junior Healthcare Analyst (Junior) - Remote SA
[166/300] Junior Production Engineer (Junior) - Remote SA
[167/300] Junior Network Analyst (Junior) - Remote SA
[168/300] Junior Financial Analyst (Junior) - Remote SA
[169/300] Junior Insurance Analyst (Junior) - Remote SA
[170/300] Logistics Coordinator (Junior) - Remote SA
[171/300] Financial Analyst (Mid-Level) - Remote SA
[172/300] Software Developer (Mid-Level) - Remote SA
[173/300] Retail Operations Manager (Mid-Level) - Remote SA
[174/300] Mining Engineer (Mid-Level) - Remote SA
[175/300] Clinical Research Associate (Mid-Level) - Remote SA
[176/300] Production Supervisor (Mid-Level) - Remote SA
Rate limiting (3s)...
[177/300] Telecommunications Network Analyst (Mid-Level) - Remote SA
[178/300] Senior Business Analyst (Mid-Level) - Remote SA
[179/300] Insurance Underwriter (Mid-Level) - Remote SA
[180/300] Supply Chain Analyst (Mid-Level) - Remote SA
[181/300] Senior Financial Analyst (Senior) - Remote SA
[182/300] Senior Software Engineer (Senior) - Remote SA
[183/300] Senior Retail Operations Manager (Senior) - Remote SA
[184/300] Senior Geologist (Senior) - Remote SA
[185/300] Senior Clinical Research Associate (Senior) - Remote SA
[186/300] Senior Production Manager (Senior) - Remote SA
[187/300] Senior Network Engineer (Senior) - Remote SA
[188/300] Senior Business Analyst (Senior) - Remote SA
[189/300] Senior Underwriter (Senior) - Remote SA
[190/300] Senior Supply Chain Analyst (Senior) - Remote SA
[191/300] Chief Financial Officer (Executive) - Remote SA
[192/300] Chief Technology Officer (Executive) - Remote SA
[193/300] Chief Operations Officer (Executive) - Remote SA
[194/300] Chief Operations Officer (Executive) - Remote SA
[195/300] Chief Medical Officer (Executive) - Remote SA
[196/300] Chief Operations Officer (Executive) - Remote SA
[197/300] Chief Technology Officer (Executive) - Remote SA
[198/300] Chief Strategy Officer (Executive) - Remote SA
[199/300] Chief Risk Officer (Executive) - Remote SA
[200/300] Chief Supply Chain Officer (Executive) - Remote SA
[201/300] Junior Financial Analyst (Junior) - Johannesburg
Rate limiting (3s)...
[202/300] Junior Software Developer (Junior) - Johannesburg
[203/300] Sales Assistant (Junior) - Johannesburg
[204/300] Junior Geologist (Junior) - Johannesburg
[205/300] Pharmaceutical Sales Representative (Junior) - Johannesburg
[206/300] Junior Production Technician (Junior) - Johannesburg
[207/300] Junior Network Engineer (Junior) - Johannesburg
[208/300] Junior Financial Analyst (Junior) - Johannesburg
[209/300] Junior Insurance Consultant (Junior) - Johannesburg
[210/300] Logistics Coordinator (Junior) - Johannesburg
[211/300] Financial Analyst (Mid-Level) - Johannesburg
[212/300] Software Engineer (Mid-Level) - Johannesburg
[213/300] Retail Operations Manager (Mid-Level) - Johannesburg
[214/300] Mining Engineer (Mid-Level) - Johannesburg
[215/300] Clinical Research Associate (Mid-Level) - Johannesburg
[216/300] Production Supervisor (Mid-Level) - Johannesburg
[217/300] Senior Network Engineer (Mid-Level) - Johannesburg
[218/300] Senior Business Analyst (Mid-Level) - Johannesburg
[219/300] Insurance Underwriter (Mid-Level) - Johannesburg
[220/300] Logistics Coordinator (Mid-Level) - Johannesburg
[221/300] Senior Financial Analyst (Senior) - Johannesburg
[222/300] Senior Software Engineer (Senior) - Johannesburg
[223/300] Senior Retail Manager (Senior) - Johannesburg
[224/300] Senior Geologist (Senior) - Johannesburg
[225/300] Senior Clinical Research Manager (Senior) - Johannesburg
[226/300] Senior Production Manager (Senior) - Johannesburg
Rate limiting (3s)...
[227/300] Senior Network Engineer (Senior) - Johannesburg
[228/300] Senior Business Consultant (Senior) - Johannesburg
[229/300] Senior Insurance Underwriter (Senior) - Johannesburg
[230/300] Senior Logistics Manager (Senior) - Johannesburg
[231/300] Chief Financial Officer (Executive) - Johannesburg
[232/300] Chief Technology Officer (CTO) (Executive) - Johannesburg
[233/300] Chief Operations Officer (Executive) - Johannesburg
[234/300] Chief Operations Officer (Executive) - Johannesburg
[235/300] Chief Operating Officer (Executive) - Johannesburg
[236/300] Chief Operations Officer (Executive) - Johannesburg
[237/300] Chief Technology Officer (Executive) - Johannesburg
[238/300] Chief Operating Officer (Executive) - Johannesburg
[239/300] Chief Risk Officer (Executive) - Johannesburg
[240/300] Chief Operations Officer (Executive) - Johannesburg
[241/300] Junior Financial Analyst (Junior) - Cape Town
[242/300] Junior Software Developer (Junior) - Cape Town
[243/300] Retail Sales Assistant (Junior) - Cape Town
[244/300] Junior Mining Engineer (Junior) - Cape Town
[245/300] Pharmacy Assistant (Junior) - Cape Town
[246/300] Junior Production Analyst (Junior) - Cape Town
[247/300] Junior Network Technician (Junior) - Cape Town
[248/300] Junior Business Analyst (Junior) - Cape Town
[249/300] Junior Insurance Underwriter (Junior) - Cape Town
[250/300] Logistics Coordinator (Junior) - Cape Town
[251/300] Financial Analyst (Mid-Level) - Cape Town
Rate limiting (3s)...
[252/300] Software Developer (Mid-Level) - Cape Town
[253/300] Retail Operations Manager (Mid-Level) - Cape Town
[254/300] Geological Engineer (Mid-Level) - Cape Town
[255/300] Clinical Pharmacist (Mid-Level) - Cape Town
[256/300] Production Supervisor (Mid-Level) - Cape Town
[257/300] Network Operations Engineer (Mid-Level) - Cape Town
[258/300] Business Consultant (Mid-Level) - Cape Town
[259/300] Insurance Underwriter (Mid-Level) - Cape Town
[260/300] Logistics Coordinator (Mid-Level) - Cape Town
[261/300] Senior Financial Analyst (Senior) - Cape Town
[262/300] Senior Software Engineer (Senior) - Cape Town
[263/300] Senior Retail Manager (Senior) - Cape Town
[264/300] Senior Geologist (Senior) - Cape Town
[265/300] Senior Clinical Data Manager (Senior) - Cape Town
[266/300] Senior Production Manager (Senior) - Cape Town
[267/300] Senior Network Engineer (Senior) - Cape Town
[268/300] Senior Management Consultant (Senior) - Cape Town
[269/300] Senior Underwriter (Senior) - Cape Town
[270/300] Senior Supply Chain Manager (Senior) - Cape Town
[271/300] Chief Financial Officer (Executive) - Cape Town
[272/300] Chief Technology Officer (CTO) (Executive) - Cape Town
[273/300] Head of Retail Operations (Executive) - Cape Town
[274/300] Chief Executive Officer (CEO) (Executive) - Cape Town
[275/300] Chief Medical Officer (Executive) - Cape Town
[276/300] Chief Operations Officer (Executive) - Cape Town
Rate limiting (3s)...
[277/300] Chief Technology Officer (Executive) - Cape Town
[278/300] Chief Operations Officer (Executive) - Cape Town
[279/300] Chief Risk Officer (Executive) - Cape Town
[280/300] Chief Supply Chain Officer (Executive) - Cape Town
[281/300] Junior Financial Analyst (Junior) - Durban
[282/300] Junior Software Developer (Junior) - Durban
[283/300] Sales Associate (Junior) - Durban
[284/300] Junior Mining Engineer (Junior) - Durban
[285/300] Junior Pharmacist (Junior) - Durban
[286/300] Junior Production Technician (Junior) - Durban
[287/300] Junior Network Technician (Junior) - Durban
[288/300] Junior Consultant (Junior) - Durban
[289/300] Insurance Claims Consultant (Junior) - Durban
[290/300] Junior Logistics Coordinator (Junior) - Durban
[291/300] Financial Analyst (Mid-Level) - Durban
[292/300] Software Engineer (Mid-Level) - Durban
[293/300] Retail Operations Manager (Mid-Level) - Durban
[294/300] Geologist (Mid-Level) - Durban
[295/300] Clinical Research Associate (Mid-Level) - Durban
[296/300] Production Supervisor (Mid-Level) - Durban
[297/300] Network Operations Engineer (Mid-Level) - Durban
[298/300] Senior Business Analyst (Mid-Level) - Durban
[299/300] Insurance Underwriter (Mid-Level) - Durban
[300/300] Logistics Coordinator (Mid-Level) - Durban

Generated 300 jobs


========================================
Generating 1000 CVs...
========================================

[1/1000] Thandiwe Nkosi (STRONG_MATCH)
[2/1000] Thandiwe Mokoena (STRONG_MATCH)
[3/1000] Thandiwe Nkosi (STRONG_MATCH)
[4/1000] Thandiwe Nkosi (STRONG_MATCH)
[5/1000] Sipho Nkosi (STRONG_MATCH)
[6/1000] Sipho Mkhize (STRONG_MATCH)
[7/1000] Thando Nkosi (STRONG_MATCH)
[8/1000] Sipho Nkosi (STRONG_MATCH)
[9/1000] Thandiwe Nkosi (STRONG_MATCH)
[10/1000] Thandiwe Moyo (STRONG_MATCH)
[11/1000] Thandiwe Nkosi (STRONG_MATCH)
[12/1000] John Doe (STRONG_MATCH)
[13/1000] Sipho Nkosi (STRONG_MATCH)
[14/1000] Thandiwe Nkosi (STRONG_MATCH)
[15/1000] Thandiwe Mokoena (STRONG_MATCH)
[16/1000] Sipho Nkosi (STRONG_MATCH)
[17/1000] Thabo Nkosi (STRONG_MATCH)
[18/1000] Thandiwe Mbatha (STRONG_MATCH)
[19/1000] Sibusiso Nkosi (STRONG_MATCH)
[20/1000] Thandiwe Nkosi (STRONG_MATCH)
[21/1000] Thandi Nkosi (STRONG_MATCH)
[22/1000] Sipho Khanyile (STRONG_MATCH)
[23/1000] Thandiwe Nkosi (STRONG_MATCH)
[24/1000] Johnathan Smith (STRONG_MATCH)
[25/1000] Thandiwe Nkosi (STRONG_MATCH)
[26/1000] John Doe (STRONG_MATCH)
[27/1000] Thabo Nkosi (STRONG_MATCH)
[28/1000] Thandiwe Moyo (STRONG_MATCH)
[29/1000] Thandiwe Nkosi (STRONG_MATCH)
[30/1000] Thandiwe Nkosi (STRONG_MATCH)
[31/1000] Sipho Nkosi (STRONG_MATCH)
Rate limiting (5s)...
[32/1000] Thabo Mokoena (STRONG_MATCH)
[33/1000] Thandiwe Nkosi (STRONG_MATCH)
[34/1000] Johnathan Smith (STRONG_MATCH)
[35/1000] Dr. Thandiwe Mthembu (STRONG_MATCH)
[36/1000] Thandiwe Nkosi (STRONG_MATCH)
[37/1000] Thabo Nkosi (STRONG_MATCH)
[38/1000] Thandiwe Nkosi (STRONG_MATCH)
[39/1000] Thandiwe Mokoena (STRONG_MATCH)
[40/1000] Thandiwe Nkosi (STRONG_MATCH)
[41/1000] Sipho Nkosi (STRONG_MATCH)
[42/1000] Thabo Nkosi (STRONG_MATCH)
[43/1000] Thandiwe Nkosi (STRONG_MATCH)
[44/1000] Thandiwe Nkosi (STRONG_MATCH)
[45/1000] Thandiwe Nkosi (STRONG_MATCH)
[46/1000] Thabo Nkosi (STRONG_MATCH)
[47/1000] Thabo Mokoena (STRONG_MATCH)
[48/1000] Thandiwe Mthembu (STRONG_MATCH)
[49/1000] Thandiwe Mokoena (STRONG_MATCH)
[50/1000] Sipho Nkosi (STRONG_MATCH)
[51/1000] Thandiwe Mkhize (STRONG_MATCH)
[52/1000] Thabo Mokoena (STRONG_MATCH)
[53/1000] Thandiwe Nkosi (STRONG_MATCH)
[54/1000] Thabo M. Nkosi (STRONG_MATCH)
[55/1000] Dr. Thandiwe Nkosi (STRONG_MATCH)
[56/1000] Thandiwe Nkosi (STRONG_MATCH)
[57/1000] Sipho Nkosi (STRONG_MATCH)
[58/1000] Thandiwe Mokoena (STRONG_MATCH)
[59/1000] Thandiwe Mokoena (STRONG_MATCH)
[60/1000] Thandiwe Mhlongo (STRONG_MATCH)
[61/1000] Thabo Mthembu (STRONG_MATCH)
Rate limiting (5s)...
[62/1000] Thabo Nkosi (STRONG_MATCH)
[63/1000] Thandiwe Nkosi (STRONG_MATCH)
[64/1000] John Doe (STRONG_MATCH)
[65/1000] Dr. Sarah van der Merwe (STRONG_MATCH)
[66/1000] Thandiwe Nkosi (STRONG_MATCH)
[67/1000] John Doe (STRONG_MATCH)
[68/1000] John Doe (STRONG_MATCH)
[69/1000] Thandiwe Nkosi (STRONG_MATCH)
[70/1000] Thandiwe Nkosi (STRONG_MATCH)
[71/1000] Thandiwe Mkhize (STRONG_MATCH)
[72/1000] Thabo Nkosi (STRONG_MATCH)
[73/1000] Thabo Mokoena (STRONG_MATCH)
[74/1000] Thabo Mokoena (STRONG_MATCH)
[75/1000] Dr. Thandiwe Mokoena (STRONG_MATCH)
[76/1000] John Doe (STRONG_MATCH)
[77/1000] Thabo Nkosi (STRONG_MATCH)
[78/1000] Johnathan Smith (STRONG_MATCH)
[79/1000] Sipho Nkosi (STRONG_MATCH)
[80/1000] Thandiwe Mhlongo (STRONG_MATCH)
[81/1000] Thandiwe Nkosi (STRONG_MATCH)
[82/1000] Thandiwe Mokoena (STRONG_MATCH)
[83/1000] Thandiwe Nkosi (STRONG_MATCH)
[84/1000] Thabo Nkosi (STRONG_MATCH)
[85/1000] Thandiwe Nkosi (STRONG_MATCH)
[86/1000] Thabo Mokoena (STRONG_MATCH)
[87/1000] Thandiwe Mokoena (STRONG_MATCH)
[88/1000] Thabo Mokoena (STRONG_MATCH)
[89/1000] Thandiwe Mokoena (STRONG_MATCH)
[90/1000] Thandiwe Nkosi (STRONG_MATCH)
[91/1000] Thandiwe Nkosi (STRONG_MATCH)
Rate limiting (5s)...
[92/1000] Thabo Nkosi (STRONG_MATCH)
[93/1000] Sipho Nkosi (STRONG_MATCH)
[94/1000] Thandiwe Mokoena (STRONG_MATCH)
[95/1000] Thandiwe Nkosi (STRONG_MATCH)
[96/1000] Thabo Nkosi (STRONG_MATCH)
[97/1000] Thabo Nkosi (STRONG_MATCH)
[98/1000] Thandiwe Mkhize (STRONG_MATCH)
[99/1000] Thandiwe Nkosi (STRONG_MATCH)
[100/1000] Thandiwe Nkosi (STRONG_MATCH)
[101/1000] Thandiwe Moyo (STRONG_MATCH)
[102/1000] Thandiwe Nkosi (STRONG_MATCH)
[103/1000] Thandiwe Nkosi (STRONG_MATCH)
[104/1000] Thuli Nkosi (STRONG_MATCH)
[105/1000] Thandiwe Nkosi (STRONG_MATCH)
[106/1000] Thandiwe Mokoena (STRONG_MATCH)
[107/1000] Sipho Nkosi (STRONG_MATCH)
[108/1000] Thandiwe Nkosi (STRONG_MATCH)
[109/1000] Thandiwe Nkosi (STRONG_MATCH)
[110/1000] Thandiwe Mokoena (STRONG_MATCH)
[111/1000] Thandiwe Nkosi (STRONG_MATCH)
[112/1000] Thandiwe Nkosi (STRONG_MATCH)
[113/1000] Thandiwe Nkosi (STRONG_MATCH)
[114/1000] Johnathan Smith (STRONG_MATCH)
[115/1000] Dr. Thandiwe Mkhize (STRONG_MATCH)
[116/1000] Thandiwe Nkosi (STRONG_MATCH)
[117/1000] Sipho Nkosi (STRONG_MATCH)
[118/1000] Johnathan Smith (STRONG_MATCH)
[119/1000] Thabo Nkosi (STRONG_MATCH)
[120/1000] Thabo Nkosi (STRONG_MATCH)
[121/1000] Thandiwe Nkosi (STRONG_MATCH)
Rate limiting (5s)...
[122/1000] Thandiwe Nkosi (STRONG_MATCH)
[123/1000] Thandiwe Nkosi (STRONG_MATCH)
[124/1000] Thandiwe Nkosi (STRONG_MATCH)
[125/1000] Thandiwe Mkhize (STRONG_MATCH)
[126/1000] Thandiwe Mokoena (STRONG_MATCH)
[127/1000] Thabo Mokoena (STRONG_MATCH)
[128/1000] Sipho Nkosi (STRONG_MATCH)
[129/1000] Sipho Nkosi (STRONG_MATCH)
[130/1000] Thandiwe Nkosi (STRONG_MATCH)
[131/1000] Thandiwe Moyo (STRONG_MATCH)
[132/1000] Thandiwe Nkosi (STRONG_MATCH)
[133/1000] Thandi Nkosi (STRONG_MATCH)
[134/1000] Thabo Mkhaliphi (STRONG_MATCH)
[135/1000] Thandiwe Nkosi (STRONG_MATCH)
[136/1000] Thandiwe Mokoena (STRONG_MATCH)
[137/1000] Thabo Nkosi (STRONG_MATCH)
[138/1000] Thandiwe Mlambo (STRONG_MATCH)
[139/1000] Thandeka Mthembu (STRONG_MATCH)
[140/1000] Thandiwe Nkosi (STRONG_MATCH)
[141/1000] Lindiwe Mkhize (STRONG_MATCH)
[142/1000] Thandiwe Mthembu (STRONG_MATCH)
[143/1000] Thabo Mokoena (STRONG_MATCH)
[144/1000] Dr. James Mthembu (STRONG_MATCH)
[145/1000] Thandiwe Mokoena (STRONG_MATCH)
[146/1000] Thabo Nkosi (STRONG_MATCH)
[147/1000] Thabo Mthethwa (STRONG_MATCH)
[148/1000] Thandiwe Nkosi (STRONG_MATCH)
[149/1000] Thandiwe Nkosi (STRONG_MATCH)
[150/1000] Sipho Nkosi (STRONG_MATCH)
[151/1000] Thabo Mokoena (STRONG_MATCH)
Rate limiting (5s)...
[152/1000] Thabo Nkosi (STRONG_MATCH)
[153/1000] Thandiwe Mokoena (STRONG_MATCH)
[154/1000] Thandiwe Nkosi (STRONG_MATCH)
[155/1000] Dr. Thandiwe Nkosi (STRONG_MATCH)
[156/1000] Thabo Mokoena (STRONG_MATCH)
[157/1000] Sipho Nkosi (STRONG_MATCH)
[158/1000] Thandiwe Nkosi (STRONG_MATCH)
[159/1000] Thandiwe Mokoena (STRONG_MATCH)
[160/1000] Thabo Nkosi (STRONG_MATCH)
[161/1000] Thabo Mokoena (STRONG_MATCH)
[162/1000] Thandiwe Nkosi (STRONG_MATCH)
[163/1000] Thandiwe Nkosi (STRONG_MATCH)
[164/1000] Thandiwe Nkosi (STRONG_MATCH)
[165/1000] Thandiwe Nkosi (STRONG_MATCH)
[166/1000] Thabo Dlamini (STRONG_MATCH)
[167/1000] Thabo Mthembu (STRONG_MATCH)
[168/1000] Thandiwe Moyo (STRONG_MATCH)
[169/1000] Sipho Nkosi (STRONG_MATCH)
[170/1000] Thabo Mokoena (STRONG_MATCH)
[171/1000] Thandiwe Nkosi (STRONG_MATCH)
[172/1000] Thandiwe Nkosi (STRONG_MATCH)
[173/1000] Thandiwe Nkosi (STRONG_MATCH)
[174/1000] Thabo Nkosi (STRONG_MATCH)
[175/1000] Thandiwe Nkosi (STRONG_MATCH)
[176/1000] Thabo Nkosi (STRONG_MATCH)
[177/1000] Thandiwe Mthembu (STRONG_MATCH)
[178/1000] Thandiwe Nkosi (STRONG_MATCH)
[179/1000] Thandiwe Nkosi (STRONG_MATCH)
[180/1000] Thandiwe Mthembu (STRONG_MATCH)
[181/1000] Thandiwe Mkhize (STRONG_MATCH)
Rate limiting (5s)...
[182/1000] Thabo Nkosi (STRONG_MATCH)
[183/1000] Thandiwe Nkosi (STRONG_MATCH)
[184/1000] Thabo Nkosi (STRONG_MATCH)
[185/1000] Thandiwe Nkosi (STRONG_MATCH)
[186/1000] Thabo Nkosi (STRONG_MATCH)
[187/1000] Thabo Mokoena (STRONG_MATCH)
[188/1000] Thandiwe Mokoena (STRONG_MATCH)
[189/1000] Thandiwe Mkhize (STRONG_MATCH)
[190/1000] Thandiwe Makhaya (STRONG_MATCH)
[191/1000] Thandiwe Mokoena (STRONG_MATCH)
[192/1000] Thabo Nkosi (STRONG_MATCH)
[193/1000] Thandiwe Mokoena (STRONG_MATCH)
[194/1000] Thabo Mokoena (STRONG_MATCH)
[195/1000] Dr. Jane Smith (STRONG_MATCH)
[196/1000] Thandiwe Nkosi (STRONG_MATCH)
[197/1000] Sipho Mkhize (STRONG_MATCH)
[198/1000] Thandiwe Nkosi (STRONG_MATCH)
[199/1000] Johnathan Smith (STRONG_MATCH)
[200/1000] Thabo Nkosi (STRONG_MATCH)
[201/1000] Thandiwe Mbatha (STRONG_MATCH)
[202/1000] Thandiwe Khumalo (STRONG_MATCH)
[203/1000] Thandiwe Nkosi (STRONG_MATCH)
[204/1000] Thandiwe Nkosi (STRONG_MATCH)
[205/1000] Thandiwe Moyo (STRONG_MATCH)
[206/1000] Sipho Ndlovu (STRONG_MATCH)
[207/1000] Thabo Nkosi (STRONG_MATCH)
[208/1000] Thandiwe Nkosi (STRONG_MATCH)
[209/1000] Thandiwe Nkosi (STRONG_MATCH)
[210/1000] Thandiwe Mokoena (STRONG_MATCH)
[211/1000] Thandiwe Nkosi (STRONG_MATCH)
Rate limiting (5s)...
[212/1000] Thabo Nkosi (STRONG_MATCH)
[213/1000] Thandiwe Nkosi (STRONG_MATCH)
[214/1000] Thabo Nkosi (STRONG_MATCH)
[215/1000] Sipho Nkosi (STRONG_MATCH)
[216/1000] Sipho Nkosi (STRONG_MATCH)
[217/1000] Thandiwe Mokoena (STRONG_MATCH)
[218/1000] Thandiwe Nkosi (STRONG_MATCH)
[219/1000] Thandiwe Nkosi (STRONG_MATCH)
[220/1000] Thandiwe Nkosi (STRONG_MATCH)
[221/1000] Thandiwe Nkosi (STRONG_MATCH)
[222/1000] John Doe (STRONG_MATCH)
[223/1000] Thandiwe Nkosi (STRONG_MATCH)
[224/1000] John Doe (STRONG_MATCH)
[225/1000] Lindsey van der Merwe (STRONG_MATCH)
[226/1000] Thandiwe Nkosi (STRONG_MATCH)
[227/1000] Sipho Nkosi (STRONG_MATCH)
[228/1000] Thandiwe Nkosi (STRONG_MATCH)
[229/1000] Thandiwe Mokoena (STRONG_MATCH)
[230/1000] Thandiwe Mthethwa (STRONG_MATCH)
[231/1000] Thandiwe Nkosi (STRONG_MATCH)
[232/1000] Thandiwe Nkosi (STRONG_MATCH)
[233/1000] Thandiwe Nkosi (STRONG_MATCH)
[234/1000] Thabo Mokoena (STRONG_MATCH)
[235/1000] Dr. Johnathan Smith (STRONG_MATCH)
[236/1000] Thandiwe Nkosi (STRONG_MATCH)
[237/1000] Thabo Mokoena (STRONG_MATCH)
[238/1000] Thandiwe Nkosi (STRONG_MATCH)
[239/1000] Thandiwe Nkosi (STRONG_MATCH)
[240/1000] Thabo Mbeki (STRONG_MATCH)
[241/1000] Thuli Nkosi (STRONG_MATCH)
Rate limiting (5s)...
[242/1000] Thabo Mokoena (STRONG_MATCH)
[243/1000] Thandiwe Dlamini (STRONG_MATCH)
[244/1000] John Doe (STRONG_MATCH)
[245/1000] Thandiwe Nkosi (STRONG_MATCH)
[246/1000] Thandiwe Nkosi (STRONG_MATCH)
[247/1000] Sipho Nkosi (STRONG_MATCH)
[248/1000] Thabo Nkosi (STRONG_MATCH)
[249/1000] Thandiwe Nkosi (STRONG_MATCH)
[250/1000] Thandiwe Mthembu (STRONG_MATCH)
[251/1000] Thandiwe Nkosi (STRONG_MATCH)
[252/1000] Thabo Mokoena (STRONG_MATCH)
[253/1000] Thandi Nkosi (STRONG_MATCH)
[254/1000] Thandiwe Nkosi (STRONG_MATCH)
[255/1000] Dr. Thandiwe Mkhize (STRONG_MATCH)
[256/1000] Thabo Mthembu (STRONG_MATCH)
[257/1000] Thulani Khumalo (STRONG_MATCH)
[258/1000] Thandiwe Nkosi (STRONG_MATCH)
[259/1000] Thandiwe Mokoena (STRONG_MATCH)
[260/1000] Thandiwe Nkosi (STRONG_MATCH)
[261/1000] Johnathan Smith (STRONG_MATCH)
[262/1000] Thabo Nkosi (STRONG_MATCH)
[263/1000] John Doe (STRONG_MATCH)
[264/1000] Thandiwe Nkosi (STRONG_MATCH)
[265/1000] Sipho Mthembu (STRONG_MATCH)
[266/1000] Johnathan Smith (STRONG_MATCH)
[267/1000] Thabo Nkosi (STRONG_MATCH)
[268/1000] Thandiwe Nkosi (STRONG_MATCH)
[269/1000] Thandiwe Nkosi (STRONG_MATCH)
[270/1000] John Doe (STRONG_MATCH)
[271/1000] Thabo Mokoena (STRONG_MATCH)
Rate limiting (5s)...
[272/1000] Thabo Nkosi (STRONG_MATCH)
[273/1000] Thandiwe Nkosi (STRONG_MATCH)
[274/1000] Johnathan Smith (STRONG_MATCH)
[275/1000] Dr. Thandiwe Nkosi (STRONG_MATCH)
[276/1000] Johnathan Smith (STRONG_MATCH)
[277/1000] Sipho Mkhize (STRONG_MATCH)
[278/1000] Thandiwe Mokoena (STRONG_MATCH)
[279/1000] Thandiwe Nkosi (STRONG_MATCH)
[280/1000] Thandiwe Mthembu (STRONG_MATCH)
[281/1000] Thandiwe Nkosi (STRONG_MATCH)
[282/1000] Thando Mthembu (STRONG_MATCH)
[283/1000] Thandiwe Nkosi (STRONG_MATCH)
[284/1000] Sipho Ndlovu (STRONG_MATCH)
[285/1000] Thandiwe Moyo (STRONG_MATCH)
[286/1000] Thando Nkosi (STRONG_MATCH)
[287/1000] Sipho Nkosi (STRONG_MATCH)
[288/1000] Sipho Nkosi (STRONG_MATCH)
[289/1000] Thandiwe Mkhize (STRONG_MATCH)
[290/1000] Thandiwe Nkosi (STRONG_MATCH)
[291/1000] Thandiwe Nkosi (STRONG_MATCH)
[292/1000] Thabo Nkosi (STRONG_MATCH)
[293/1000] Thandiwe Nkosi (STRONG_MATCH)
[294/1000] Dr. Michael van der Merwe (STRONG_MATCH)
[295/1000] Thandiwe Nkosi (STRONG_MATCH)
[296/1000] Thabo Mokoena (STRONG_MATCH)
[297/1000] Sipho Nkosi (STRONG_MATCH)
[298/1000] Thandiwe Nkosi (STRONG_MATCH)
[299/1000] Thandiwe Nkosi (STRONG_MATCH)
[300/1000] Thandiwe Nkosi (STRONG_MATCH)
[301/1000] Thandiwe Nkosi (WEAK_MATCH)
Rate limiting (5s)...
[302/1000] Thandiwe Nkosi (WEAK_MATCH)
[303/1000] Thandiwe Nkosi (WEAK_MATCH)
[304/1000] Thandiwe Nkosi (WEAK_MATCH)
[305/1000] Thandiwe Nkosi (WEAK_MATCH)
[306/1000] Thandi Nkosi (WEAK_MATCH)
[307/1000] Thandiwe Nkosi (WEAK_MATCH)
[308/1000] Thandiwe Nkosi (WEAK_MATCH)
[309/1000] John Doe (WEAK_MATCH)
[310/1000] Thandiwe Mabuza (WEAK_MATCH)
[311/1000] Thandiwe Nkosi (WEAK_MATCH)
[312/1000] Sipho Nkosi (WEAK_MATCH)
[313/1000] Thandiwe Nkosi (WEAK_MATCH)
[314/1000] John Doe (WEAK_MATCH)
[315/1000] Thandiwe Nkosi (WEAK_MATCH)
[316/1000] Thandiwe Mokoena (WEAK_MATCH)
[317/1000] Thabo Nkosi (WEAK_MATCH)
[318/1000] John Doe (WEAK_MATCH)
[319/1000] Thandiwe Nkosi (WEAK_MATCH)
[320/1000] Thandiwe Nkosi (WEAK_MATCH)
[321/1000] John Doe (WEAK_MATCH)
[322/1000] Thabo Nkosi (WEAK_MATCH)
[323/1000] Thandi Mokoena (WEAK_MATCH)
[324/1000] John Doe (WEAK_MATCH)
[325/1000] Sipho Nkosi (WEAK_MATCH)
[326/1000] Thandiwe Mkhize (WEAK_MATCH)
[327/1000] Sipho Nkosi (WEAK_MATCH)
[328/1000] Thandiwe Mkhize (WEAK_MATCH)
[329/1000] Thandi Nkosi (WEAK_MATCH)
[330/1000] Thabo Nkosi (WEAK_MATCH)
[331/1000] Thandiwe Nkosi (WEAK_MATCH)
Rate limiting (5s)...
[332/1000] John Doe (WEAK_MATCH)
[333/1000] Thandi Nkosi (WEAK_MATCH)
[334/1000] John Doe (WEAK_MATCH)
[335/1000] Sipho Nkosi (WEAK_MATCH)
[336/1000] Thandiwe Mokoena (WEAK_MATCH)
[337/1000] Thandiwe Nkosi (WEAK_MATCH)
[338/1000] Thandiwe Mokoena (WEAK_MATCH)
[339/1000] Thandiwe Nkosi (WEAK_MATCH)
[340/1000] Michael Nkosi (WEAK_MATCH)
[341/1000] Thandiwe Mokoena (WEAK_MATCH)
[342/1000] Thabo Nkosi (WEAK_MATCH)
[343/1000] Thandiwe Nkosi (WEAK_MATCH)
[344/1000] John Doe (WEAK_MATCH)
[345/1000] Thandiwe Nkosi (WEAK_MATCH)
[346/1000] Thabo Nkosi (WEAK_MATCH)
[347/1000] Thabo Nkosi (WEAK_MATCH)
[348/1000] Thandiwe Nkosi (WEAK_MATCH)
[349/1000] Thandiwe Nkosi (WEAK_MATCH)
[350/1000] Thandiwe Mkhize (WEAK_MATCH)
[351/1000] Thandiwe Nkosi (WEAK_MATCH)
[352/1000] Thando Nkosi (WEAK_MATCH)
[353/1000] Thandiwe Nkosi (WEAK_MATCH)
[354/1000] Sipho Nkosi (WEAK_MATCH)
[355/1000] Thandiwe Nkosi (WEAK_MATCH)
[356/1000] Thando Nkosi (WEAK_MATCH)
[357/1000] Thabo Mkhwanazi (WEAK_MATCH)
[358/1000] Thandiwe Mokoena (WEAK_MATCH)
[359/1000] Thandiwe Nkosi (WEAK_MATCH)
[360/1000] Thandi Nkosi (WEAK_MATCH)
[361/1000] Thandiwe Nkosi (WEAK_MATCH)
Rate limiting (5s)...
[362/1000] Thandiwe Nkosi (WEAK_MATCH)
[363/1000] Thandiwe Mthembu (WEAK_MATCH)
[364/1000] Thabo Nkosi (WEAK_MATCH)
[365/1000] Thandiwe Nkosi (WEAK_MATCH)
[366/1000] Thabo Nkosi (WEAK_MATCH)
[367/1000] Thandiwe Nkosi (WEAK_MATCH)
[368/1000] Thandiwe Nkosi (WEAK_MATCH)
[369/1000] John Doe (WEAK_MATCH)
[370/1000] Thuli Nkosi (WEAK_MATCH)
[371/1000] Thandiwe Mkhize (WEAK_MATCH)
[372/1000] Thandi Mokoena (WEAK_MATCH)
[373/1000] Sipho Nkosi (WEAK_MATCH)
[374/1000] Thabiso Nkosi (WEAK_MATCH)
[375/1000] Dr. Sarah Nkosi (WEAK_MATCH)
[376/1000] Thandeka Mkhize (WEAK_MATCH)
[377/1000] Thandiwe Nkosi (WEAK_MATCH)
[378/1000] Thandiwe Mokoena (WEAK_MATCH)
[379/1000] Thandiwe Nkosi (WEAK_MATCH)
[380/1000] Thandiwe Nkosi (WEAK_MATCH)
[381/1000] John Doe (WEAK_MATCH)
[382/1000] Thando Mthembu (WEAK_MATCH)
[383/1000] Thandiwe Nkosi (WEAK_MATCH)
[384/1000] Thandiwe Nkosi (WEAK_MATCH)
[385/1000] Thandiwe Mkhize (WEAK_MATCH)
[386/1000] John Doe (WEAK_MATCH)
[387/1000] Thabo Nkosi (WEAK_MATCH)
[388/1000] Thandiwe Nkosi (WEAK_MATCH)
[389/1000] Thandiwe Nkosi (WEAK_MATCH)
[390/1000] Thandiwe Nkosi (WEAK_MATCH)
[391/1000] Thandiwe Mthembu (WEAK_MATCH)
Rate limiting (5s)...
[392/1000] Thandiwe Nkosi (WEAK_MATCH)
[393/1000] Thandiwe Nkosi (WEAK_MATCH)
[394/1000] John Doe (WEAK_MATCH)
[395/1000] Thandiwe Nkosi (WEAK_MATCH)
[396/1000] Thabo Nkosi (WEAK_MATCH)
[397/1000] Sipho Mbatha (WEAK_MATCH)
[398/1000] Sipho Nkosi (WEAK_MATCH)
[399/1000] Thandiwe Nkosi (WEAK_MATCH)
[400/1000] Thandiwe Nkosi (WEAK_MATCH)
[401/1000] John Doe (WEAK_MATCH)
[402/1000] Sipho Nkosi (WEAK_MATCH)
[403/1000] Thandi Nkosi (WEAK_MATCH)
[404/1000] Thabo Nkosi (WEAK_MATCH)
[405/1000] Thandiwe Nkosi (WEAK_MATCH)
[406/1000] Thandiwe Mkhize (WEAK_MATCH)
[407/1000] Thabo Mokoena (WEAK_MATCH)
[408/1000] Thandiwe Nkosi (WEAK_MATCH)
[409/1000] Thandiwe Nkosi (WEAK_MATCH)
[410/1000] Thabo Nkosi (WEAK_MATCH)
[411/1000] Thandiwe Mokoena (WEAK_MATCH)
[412/1000] Thabo Nkosi (WEAK_MATCH)
[413/1000] Thandi Mkhize (WEAK_MATCH)
[414/1000] John Doe (WEAK_MATCH)
[415/1000] Dr. John Smith (WEAK_MATCH)
[416/1000] Thandiwe Mokoena (WEAK_MATCH)
[417/1000] Thandi Nkosi (WEAK_MATCH)
[418/1000] Thandiwe Nkosi (WEAK_MATCH)
[419/1000] Michael van der Merwe (WEAK_MATCH)
[420/1000] Thabo Nkosi (WEAK_MATCH)
[421/1000] Thandiwe Nkosi (WEAK_MATCH)
Rate limiting (5s)...
[422/1000] Thandiwe Moyo (WEAK_MATCH)
[423/1000] Thandiwe Nkosi (WEAK_MATCH)
[424/1000] John Smith (WEAK_MATCH)
[425/1000] Thandiwe Nkosi (WEAK_MATCH)
[426/1000] Sipho Nkosi (WEAK_MATCH)
[427/1000] Thabo Nkosi (WEAK_MATCH)
[428/1000] Thandiwe Nkosi (WEAK_MATCH)
[429/1000] Thandiwe Nkosi (WEAK_MATCH)
[430/1000] Thandiwe Nkosi (WEAK_MATCH)
[431/1000] Thandiwe Nkosi (WEAK_MATCH)
[432/1000] Thandiwe Nkosi (WEAK_MATCH)
[433/1000] Thandiwe Mthembu (WEAK_MATCH)
[434/1000] John Doe (WEAK_MATCH)
[435/1000] Thandiwe Nkosi (WEAK_MATCH)
[436/1000] Sipho Nkosi (WEAK_MATCH)
[437/1000] Thabo Nkosi (WEAK_MATCH)
[438/1000] Thandiwe Nkosi (WEAK_MATCH)
[439/1000] Thandiwe Mkhize (WEAK_MATCH)
[440/1000] Thandiwe Nkosi (WEAK_MATCH)
[441/1000] Thandi Moyo (WEAK_MATCH)
[442/1000] Thandiwe Mokoena (WEAK_MATCH)
[443/1000] Thandi Mthembu (WEAK_MATCH)
[444/1000] Thandiwe Mthembu (WEAK_MATCH)
[445/1000] Thandiwe Nkosi (WEAK_MATCH)
[446/1000] Thandiwe Nkosi (WEAK_MATCH)
[447/1000] Thabo Mokoena (WEAK_MATCH)
[448/1000] Thandi Nkosi (WEAK_MATCH)
[449/1000] Thandiwe Nkosi (WEAK_MATCH)
[450/1000] Sipho Nkosi (WEAK_MATCH)
[451/1000] John Doe (WEAK_MATCH)
Rate limiting (5s)...
[452/1000] Thabo Nkosi (WEAK_MATCH)
[453/1000] Thabo Mokoena (WEAK_MATCH)
[454/1000] John Doe (WEAK_MATCH)
[455/1000] Thandi Nkosi (WEAK_MATCH)
[456/1000] Thandiwe Mokoena (WEAK_MATCH)
[457/1000] Sipho Nkosi (WEAK_MATCH)
[458/1000] Thandiwe Nkosi (WEAK_MATCH)
[459/1000] Thandi Nkosi (WEAK_MATCH)
[460/1000] Thabo Mokoena (WEAK_MATCH)
[461/1000] Thandiwe Nkosi (WEAK_MATCH)
[462/1000] Thandi Mkhize (WEAK_MATCH)
[463/1000] Thandiwe Moyo (WEAK_MATCH)
[464/1000] John Smith (WEAK_MATCH)
[465/1000] Thandiwe Nkosi (WEAK_MATCH)
[466/1000] Thabo Mokoena (WEAK_MATCH)
[467/1000] Lwandle Nkosi (WEAK_MATCH)
[468/1000] Sipho Nkosi (WEAK_MATCH)
[469/1000] Thandi Nkosi (WEAK_MATCH)
[470/1000] Thandiwe Nkosi (WEAK_MATCH)
[471/1000] Sipho Nkosi (WEAK_MATCH)
[472/1000] Thabo Mokoena (WEAK_MATCH)
[473/1000] Sipho Nkosi (WEAK_MATCH)
[474/1000] Sipho Nkosi (WEAK_MATCH)
[475/1000] Thandi Nkosi (WEAK_MATCH)
[476/1000] Sipho Nkosi (WEAK_MATCH)
[477/1000] Sipho Nkosi (WEAK_MATCH)
[478/1000] Thandiwe Nkosi (WEAK_MATCH)
[479/1000] Sarah Johnson (WEAK_MATCH)
[480/1000] Thandiwe Nkosi (WEAK_MATCH)
[481/1000] John Doe (WEAK_MATCH)
Rate limiting (5s)...
[482/1000] John Doe (WEAK_MATCH)
[483/1000] Thandi Nkosi (WEAK_MATCH)
[484/1000] John Doe (WEAK_MATCH)
[485/1000] Thandiwe Mokoena (WEAK_MATCH)
[486/1000] Thandi Nkosi (WEAK_MATCH)
[487/1000] Thabo Mokoena (WEAK_MATCH)
[488/1000] Thandiwe Nkosi (WEAK_MATCH)
[489/1000] Thandiwe Mokoena (WEAK_MATCH)
[490/1000] Thabo Nkosi (WEAK_MATCH)
[491/1000] Thabo Mokoena (WEAK_MATCH)
[492/1000] John Doe (WEAK_MATCH)
[493/1000] Thandiwe Mokoena (WEAK_MATCH)
[494/1000] John Doe (WEAK_MATCH)
[495/1000] Dr. Jane Smith (WEAK_MATCH)
[496/1000] John Smith (WEAK_MATCH)
[497/1000] Thandiwe Nkosi (WEAK_MATCH)
[498/1000] Thuli Nkosi (WEAK_MATCH)
[499/1000] Thandiwe Nkosi (WEAK_MATCH)
[500/1000] Thabo Nkosi (WEAK_MATCH)
[501/1000] Thandiwe Nkosi (WEAK_MATCH)
[502/1000] Thandiwe Mokoena (WEAK_MATCH)
[503/1000] Thandiwe Nkosi (WEAK_MATCH)
[504/1000] Thabo Nkosi (WEAK_MATCH)
[505/1000] Thandiwe Nkosi (WEAK_MATCH)
[506/1000] Sipho Nkosi (WEAK_MATCH)
[507/1000] Thabo Nkosi (WEAK_MATCH)
[508/1000] Thandiwe Nkosi (WEAK_MATCH)
[509/1000] Thandiwe Mkhize (WEAK_MATCH)
[510/1000] Thandiwe Nkosi (WEAK_MATCH)
[511/1000] Thandiwe Nkosi (WEAK_MATCH)
Rate limiting (5s)...
[512/1000] Thandiwe Nkosi (WEAK_MATCH)
[513/1000] Thandi Nkosi (WEAK_MATCH)
[514/1000] Thandiwe Nkosi (WEAK_MATCH)
[515/1000] Thandiwe Nkosi (WEAK_MATCH)
[516/1000] Sipho Nkosi (WEAK_MATCH)
[517/1000] Sipho Nkosi (WEAK_MATCH)
[518/1000] Thandiwe Nkosi (WEAK_MATCH)
[519/1000] John Doe (WEAK_MATCH)
[520/1000] Thandi Nkosi (WEAK_MATCH)
[521/1000] Thandiwe Nkosi (WEAK_MATCH)
[522/1000] Thabo Nkosi (WEAK_MATCH)
[523/1000] Thandi Mokoena (WEAK_MATCH)
[524/1000] John Doe (WEAK_MATCH)
[525/1000] Thandiwe Nkosi (WEAK_MATCH)
[526/1000] Thandiwe Nkosi (WEAK_MATCH)
[527/1000] Sipho Mthembu (WEAK_MATCH)
[528/1000] Thandiwe Nkosi (WEAK_MATCH)
[529/1000] Thabo Mokoena (WEAK_MATCH)
[530/1000] John Doe (WEAK_MATCH)
[531/1000] Thandiwe Mokoena (WEAK_MATCH)
[532/1000] Thandiwe Nkosi (WEAK_MATCH)
[533/1000] Thandiwe Mhlongo (WEAK_MATCH)
[534/1000] John Doe (WEAK_MATCH)
[535/1000] Thandiwe Nkosi (WEAK_MATCH)
[536/1000] Thabo Mokoena (WEAK_MATCH)
[537/1000] Thandiwe Nkosi (WEAK_MATCH)
[538/1000] Thandiwe Nkosi (WEAK_MATCH)
[539/1000] Thandiwe Nkosi (WEAK_MATCH)
[540/1000] John Doe (WEAK_MATCH)
[541/1000] Thandiwe Mthembu (WEAK_MATCH)
Rate limiting (5s)...
[542/1000] Liam Nkosi (WEAK_MATCH)
[543/1000] Thandiwe Nkosi (WEAK_MATCH)
[544/1000] Thandiwe Nkosi (WEAK_MATCH)
[545/1000] Thandiwe Nkosi (WEAK_MATCH)
[546/1000] Sipho Nkosi (WEAK_MATCH)
[547/1000] Thabo Nkosi (WEAK_MATCH)
[548/1000] Sipho Nkosi (WEAK_MATCH)
[549/1000] Thandi Nkosi (WEAK_MATCH)
[550/1000] Thabo Nkosi (WEAK_MATCH)
[551/1000] Thandiwe Mkhize (WEAK_MATCH)
[552/1000] Sipho Nkosi (WEAK_MATCH)
[553/1000] Thandi Mokoena (WEAK_MATCH)
[554/1000] Thabo Mokoena (WEAK_MATCH)
[555/1000] Thandiwe Mkhize (WEAK_MATCH)
[556/1000] John Doe (WEAK_MATCH)
[557/1000] Thabo Mokoena (WEAK_MATCH)
[558/1000] Thandiwe Nkosi (WEAK_MATCH)
[559/1000] John Smith (WEAK_MATCH)
[560/1000] Thabo Mokoena (WEAK_MATCH)
[561/1000] Thandi Nkosi (WEAK_MATCH)
[562/1000] John Smith (WEAK_MATCH)
[563/1000] Thandi Nkosi (WEAK_MATCH)
[564/1000] Thabo Nkosi (WEAK_MATCH)
[565/1000] Thandiwe Nkosi (WEAK_MATCH)
[566/1000] Thandiwe Nkosi (WEAK_MATCH)
[567/1000] Thulani Nkosi (WEAK_MATCH)
[568/1000] John Doe (WEAK_MATCH)
[569/1000] Thandiwe Nkosi (WEAK_MATCH)
[570/1000] Thandiwe Moyo (WEAK_MATCH)
[571/1000] Thandiwe Mkhize (WEAK_MATCH)
Rate limiting (5s)...
[572/1000] Sipho Nkosi (WEAK_MATCH)
[573/1000] Thandiwe Nkosi (WEAK_MATCH)
[574/1000] Johnathan Smith (WEAK_MATCH)
[575/1000] Dr. Thandiwe Khumalo (WEAK_MATCH)
[576/1000] Thandiwe Msimanga (WEAK_MATCH)
[577/1000] Thabo Mokoena (WEAK_MATCH)
[578/1000] Sipho Mkhize (WEAK_MATCH)
[579/1000] Thandiwe Mbeki (WEAK_MATCH)
[580/1000] Thandiwe Nkosi (WEAK_MATCH)
[581/1000] Thandiwe Nkosi (WEAK_MATCH)
[582/1000] Thandi Nkosi (WEAK_MATCH)
[583/1000] Thandiwe Nkosi (WEAK_MATCH)
[584/1000] John Doe (WEAK_MATCH)
[585/1000] Sipho Nkosi (WEAK_MATCH)
[586/1000] John Doe (WEAK_MATCH)
[587/1000] Thandiwe Nkosi (WEAK_MATCH)
[588/1000] Thandi Nkosi (WEAK_MATCH)
[589/1000] Thandiwe Khumalo (WEAK_MATCH)
[590/1000] Thandiwe Nkosi (WEAK_MATCH)
[591/1000] Thandiwe Nkosi (WEAK_MATCH)
[592/1000] Thandiwe Nkosi (WEAK_MATCH)
[593/1000] Thandiwe Zulu (WEAK_MATCH)
[594/1000] John Doe (WEAK_MATCH)
[595/1000] Thandiwe Nkosi (WEAK_MATCH)
[596/1000] John Doe (WEAK_MATCH)
[597/1000] Thabo Mokoena (WEAK_MATCH)
[598/1000] Thandiwe Ndlovu (WEAK_MATCH)
[599/1000] Thandiwe Nkosi (WEAK_MATCH)
[600/1000] Sipho Mthembu (WEAK_MATCH)
[601/1000] Thandiwe Nkosi (WRONG_ROLE)
Rate limiting (5s)...
[602/1000] Thandiwe Nkosi (WRONG_ROLE)
[603/1000] Thandiwe Nkosi (WRONG_ROLE)
[604/1000] Sarah van der Merwe (WRONG_ROLE)
[605/1000] Thandiwe Nkosi (WRONG_ROLE)
[606/1000] Thandiwe Mthembu (WRONG_ROLE)
[607/1000] Thandiwe Nkosi (WRONG_ROLE)
[608/1000] Sipho Moyo (WRONG_ROLE)
[609/1000] John Doe (WRONG_ROLE)
[610/1000] Thandiwe Nkosi (WRONG_ROLE)
[611/1000] Thabo Nkosi (WRONG_ROLE)
[612/1000] John Smith (WRONG_ROLE)
[613/1000] Thandiwe Nkosi (WRONG_ROLE)
[614/1000] John Doe (WRONG_ROLE)
[615/1000] Sipho Mthembu (WRONG_ROLE)
[616/1000] Thandi Mkhize (WRONG_ROLE)
[617/1000] Thandiwe Nkosi (WRONG_ROLE)
[618/1000] Thandiwe Nkosi (WRONG_ROLE)
[619/1000] Thandiwe Nkosi (WRONG_ROLE)
[620/1000] John Smith (WRONG_ROLE)
[621/1000] Thuli Mthembu (WRONG_ROLE)
[622/1000] John Doe (WRONG_ROLE)
[623/1000] Thandiwe Mokoena (WRONG_ROLE)
[624/1000] Thandiwe Mkhize (WRONG_ROLE)
[625/1000] Thandiwe Nkosi (WRONG_ROLE)
[626/1000] John Doe (WRONG_ROLE)
[627/1000] Thandiwe Nkosi (WRONG_ROLE)
[628/1000] Thandiwe Nkosi (WRONG_ROLE)
[629/1000] Thandiwe Nkosi (WRONG_ROLE)
[630/1000] Thandiwe Mokoena (WRONG_ROLE)
[631/1000] Thandiwe Nkosi (WRONG_ROLE)
Rate limiting (5s)...
[632/1000] Thandiwe Nkosi (WRONG_ROLE)
[633/1000] Thandiwe Mkhize (WRONG_ROLE)
[634/1000] Johnathan Smith (WRONG_ROLE)
[635/1000] Johnathan Smith (WRONG_ROLE)
[636/1000] John Doe (WRONG_ROLE)
[637/1000] Thandiwe Nkosi (WRONG_ROLE)
[638/1000] John Doe (WRONG_ROLE)
[639/1000] Thandiwe Nkosi (WRONG_ROLE)
[640/1000] Thandiwe Nkosi (WRONG_ROLE)
[641/1000] John Doe (WRONG_ROLE)
[642/1000] Thandiwe Nkosi (WRONG_ROLE)
[643/1000] Thandiwe Mkhize (WRONG_ROLE)
[644/1000] Thandiwe Nkosi (WRONG_ROLE)
[645/1000] Thandiwe Mokoena (WRONG_ROLE)
[646/1000] John Doe (WRONG_ROLE)
[647/1000] Thandiwe Nkosi (WRONG_ROLE)
[648/1000] Thandi Mokoena (WRONG_ROLE)
[649/1000] John Doe (WRONG_ROLE)
[650/1000] Thabo Nkosi (WRONG_ROLE)
[651/1000] Sipho Nkosi (WRONG_ROLE)
[652/1000] Thandiwe Nkosi (WRONG_ROLE)
[653/1000] John Doe (WRONG_ROLE)
[654/1000] Thandiwe Moyo (WRONG_ROLE)
[655/1000] Thandiwe Nkosi (WRONG_ROLE)
[656/1000] Thandiwe Mokoena (WRONG_ROLE)
[657/1000] Thuli Nkosi (WRONG_ROLE)
[658/1000] Thandiwe Nkosi (WRONG_ROLE)
[659/1000] Thandiwe Nkosi (WRONG_ROLE)
[660/1000] Thandiwe Mkhize (WRONG_ROLE)
[661/1000] Thandiwe Nkosi (WRONG_ROLE)
Rate limiting (5s)...
[662/1000] Thandiwe Ndlovu (WRONG_ROLE)
[663/1000] Thandiwe Nkosi (WRONG_ROLE)
[664/1000] John Doe (WRONG_ROLE)
[665/1000] Dr. Sarah van der Merwe (WRONG_ROLE)
[666/1000] Thandiwe Mokoena (WRONG_ROLE)
[667/1000] Thandiwe Nkosi (WRONG_ROLE)
[668/1000] Thandiwe Mokoena (WRONG_ROLE)
[669/1000] Thandiwe Nkosi (WRONG_ROLE)
[670/1000] Thandiwe Nkosi (WRONG_ROLE)
[671/1000] John Doe (WRONG_ROLE)
[672/1000] Thandiwe Nkosi (WRONG_ROLE)
[673/1000] John Doe (WRONG_ROLE)
[674/1000] Johnathan Smith (WRONG_ROLE)
[675/1000] Dr. Sarah van der Merwe (WRONG_ROLE)
[676/1000] John Doe (WRONG_ROLE)
[677/1000] John Doe (WRONG_ROLE)
[678/1000] Johnathan Smith (WRONG_ROLE)
[679/1000] Thabo Nkosi (WRONG_ROLE)
[680/1000] John Doe (WRONG_ROLE)
[681/1000] Thandiwe Mthembu (WRONG_ROLE)
[682/1000] Sipho Mthembu (WRONG_ROLE)
[683/1000] Thandiwe Mokoena (WRONG_ROLE)
[684/1000] Liam van der Merwe (WRONG_ROLE)
[685/1000] Thandiwe Nkosi (WRONG_ROLE)
[686/1000] Thandiwe Nkosi (WRONG_ROLE)
[687/1000] Thabo Nkosi (WRONG_ROLE)
[688/1000] Thandiwe Mbeki (WRONG_ROLE)
[689/1000] Thandiwe Nkosi (WRONG_ROLE)
[690/1000] Johnathan Smith (WRONG_ROLE)
[691/1000] Thandiwe Nkosi (WRONG_ROLE)
Rate limiting (5s)...
[692/1000] Thandiwe Nkosi (WRONG_ROLE)
[693/1000] Sipho Nkosi (WRONG_ROLE)
[694/1000] Thandiwe Nkosi (WRONG_ROLE)
[695/1000] Lindiwe Nkosi (WRONG_ROLE)
[696/1000] Thabo Mokoena (WRONG_ROLE)
[697/1000] Sipho Nkosi (WRONG_ROLE)
[698/1000] John Doe (WRONG_ROLE)
[699/1000] John Doe (WRONG_ROLE)
[700/1000] Thabo Nkosi (WRONG_ROLE)
[701/1000] Sipho Nkosi (WRONG_ROLE)
[702/1000] John Doe (WRONG_ROLE)
[703/1000] Thandiwe Nkosi (WRONG_ROLE)
[704/1000] John Doe (WRONG_ROLE)
[705/1000] Thandiwe Nkosi (WRONG_ROLE)
[706/1000] Thandiwe Khumalo (WRONG_ROLE)
[707/1000] John Doe (WRONG_ROLE)
[708/1000] Thabo Nkosi (WRONG_ROLE)
[709/1000] John Smith (WRONG_ROLE)
[710/1000] Sipho Ndlovu (WRONG_ROLE)
[711/1000] John Doe (WRONG_ROLE)
[712/1000] Sipho Nkosi (WRONG_ROLE)
[713/1000] Michael Smith (WRONG_ROLE)
[714/1000] John Doe (WRONG_ROLE)
[715/1000] Dr. Jane Smith (WRONG_ROLE)
[716/1000] John Doe (WRONG_ROLE)
[717/1000] Lerato Mokoena (WRONG_ROLE)
[718/1000] Thabiso Nkosi (WRONG_ROLE)
[719/1000] Thabo Nkosi (WRONG_ROLE)
[720/1000] Thandiwe Nkosi (WRONG_ROLE)
[721/1000] Thandiwe Mbeki (WRONG_ROLE)
Rate limiting (5s)...
[722/1000] Thandiwe Mkhize (WRONG_ROLE)
[723/1000] Thandiwe Nkosi (WRONG_ROLE)
[724/1000] John Doe (WRONG_ROLE)
[725/1000] Jessica Smith (WRONG_ROLE)
[726/1000] Thandiwe Mthembu (WRONG_ROLE)
[727/1000] John Doe (WRONG_ROLE)
[728/1000] Thandiwe Nkosi (WRONG_ROLE)
[729/1000] Thandiwe Nkosi (WRONG_ROLE)
[730/1000] Thandiwe Nkosi (WRONG_ROLE)
[731/1000] Sipho Nkosi (WRONG_ROLE)
[732/1000] John Doe (WRONG_ROLE)
[733/1000] John Doe (WRONG_ROLE)
[734/1000] Thandiwe Mokoena (WRONG_ROLE)
[735/1000] Thandiwe Nkosi (WRONG_ROLE)
[736/1000] John Doe (WRONG_ROLE)
[737/1000] Thandiwe Mokoena (WRONG_ROLE)
[738/1000] Thandi Nkosi (WRONG_ROLE)
[739/1000] John Doe (WRONG_ROLE)
[740/1000] Thabo Nkosi (WRONG_ROLE)
